2020-04-09 18:57:07,404 INFO Main [main] Exception: 
java.nio.file.NoSuchFileException: sr\main\resources\map.json
	at sun.nio.fs.WindowsException.translateToIOException(WindowsException.java:85) ~[?:?]
	at sun.nio.fs.WindowsException.rethrowAsIOException(WindowsException.java:103) ~[?:?]
	at sun.nio.fs.WindowsException.rethrowAsIOException(WindowsException.java:108) ~[?:?]
	at sun.nio.fs.WindowsFileSystemProvider.newByteChannel(WindowsFileSystemProvider.java:235) ~[?:?]
	at java.nio.file.Files.newByteChannel(Files.java:375) ~[?:?]
	at java.nio.file.Files.newByteChannel(Files.java:426) ~[?:?]
	at java.nio.file.spi.FileSystemProvider.newInputStream(FileSystemProvider.java:420) ~[?:?]
	at java.nio.file.Files.newInputStream(Files.java:160) ~[?:?]
	at java.nio.file.Files.newBufferedReader(Files.java:2916) ~[?:?]
	at java.nio.file.Files.readAllLines(Files.java:3396) ~[?:?]
	at java.nio.file.Files.readAllLines(Files.java:3436) ~[?:?]
	at Main.getJsonFile(Main.java:184) [classes/:?]
	at Main.createStationIndex(Main.java:112) [classes/:?]
	at Main.getRouteCalculator(Main.java:67) [classes/:?]
	at Main.main(Main.java:39) [classes/:?]
2020-04-09 18:57:07,416 INFO Main [main] Exception: 
org.json.simple.parser.ParseException: null
	at org.json.simple.parser.JSONParser.parse(JSONParser.java:257) ~[SPBMetro-1.0-SNAPSHOT-jar-with-dependencies.jar:?]
	at org.json.simple.parser.JSONParser.parse(JSONParser.java:81) ~[SPBMetro-1.0-SNAPSHOT-jar-with-dependencies.jar:?]
	at org.json.simple.parser.JSONParser.parse(JSONParser.java:75) ~[SPBMetro-1.0-SNAPSHOT-jar-with-dependencies.jar:?]
	at Main.createStationIndex(Main.java:112) [classes/:?]
	at Main.getRouteCalculator(Main.java:67) [classes/:?]
	at Main.main(Main.java:39) [classes/:?]
2020-04-09 18:57:40,661 INFO Main [main] Exception: 
java.nio.file.NoSuchFileException: srс\main\resources\map.json
	at sun.nio.fs.WindowsException.translateToIOException(WindowsException.java:85) ~[?:?]
	at sun.nio.fs.WindowsException.rethrowAsIOException(WindowsException.java:103) ~[?:?]
	at sun.nio.fs.WindowsException.rethrowAsIOException(WindowsException.java:108) ~[?:?]
	at sun.nio.fs.WindowsFileSystemProvider.newByteChannel(WindowsFileSystemProvider.java:235) ~[?:?]
	at java.nio.file.Files.newByteChannel(Files.java:375) ~[?:?]
	at java.nio.file.Files.newByteChannel(Files.java:426) ~[?:?]
	at java.nio.file.spi.FileSystemProvider.newInputStream(FileSystemProvider.java:420) ~[?:?]
	at java.nio.file.Files.newInputStream(Files.java:160) ~[?:?]
	at java.nio.file.Files.newBufferedReader(Files.java:2916) ~[?:?]
	at java.nio.file.Files.readAllLines(Files.java:3396) ~[?:?]
	at java.nio.file.Files.readAllLines(Files.java:3436) ~[?:?]
	at Main.getJsonFile(Main.java:184) [classes/:?]
	at Main.createStationIndex(Main.java:112) [classes/:?]
	at Main.getRouteCalculator(Main.java:67) [classes/:?]
	at Main.main(Main.java:39) [classes/:?]
2020-04-09 18:57:40,673 INFO Main [main] Exception: 
org.json.simple.parser.ParseException: null
	at org.json.simple.parser.JSONParser.parse(JSONParser.java:257) ~[SPBMetro-1.0-SNAPSHOT-jar-with-dependencies.jar:?]
	at org.json.simple.parser.JSONParser.parse(JSONParser.java:81) ~[SPBMetro-1.0-SNAPSHOT-jar-with-dependencies.jar:?]
	at org.json.simple.parser.JSONParser.parse(JSONParser.java:75) ~[SPBMetro-1.0-SNAPSHOT-jar-with-dependencies.jar:?]
	at Main.createStationIndex(Main.java:112) [classes/:?]
	at Main.getRouteCalculator(Main.java:67) [classes/:?]
	at Main.main(Main.java:39) [classes/:?]
