java.nio.file.NoSuchFileException: src\main\resources\map.json
	at java.base/sun.nio.fs.WindowsException.translateToIOException(WindowsException.java:85)
	at java.base/sun.nio.fs.WindowsException.rethrowAsIOException(WindowsException.java:103)
	at java.base/sun.nio.fs.WindowsException.rethrowAsIOException(WindowsException.java:108)
	at java.base/sun.nio.fs.WindowsFileSystemProvider.newByteChannel(WindowsFileSystemProvider.java:235)
	at java.base/java.nio.file.Files.newByteChannel(Files.java:374)
	at java.base/java.nio.file.Files.newByteChannel(Files.java:425)
	at java.base/java.nio.file.spi.FileSystemProvider.newInputStream(FileSystemProvider.java:420)
	at java.base/java.nio.file.Files.newInputStream(Files.java:159)
	at java.base/java.nio.file.Files.newBufferedReader(Files.java:2915)
	at java.base/java.nio.file.Files.readAllLines(Files.java:3395)
	at java.base/java.nio.file.Files.readAllLines(Files.java:3435)
	at Main.getJsonFile(Main.java:158)
	at Main.createStationIndex(Main.java:86)
	at Main.getRouteCalculator(Main.java:42)
	at Main.main(Main.java:22)
Unexpected token END OF FILE at position 0.
	at org.json.simple.parser.JSONParser.parse(JSONParser.java:257)
	at org.json.simple.parser.JSONParser.parse(JSONParser.java:81)
	at org.json.simple.parser.JSONParser.parse(JSONParser.java:75)
	at Main.createStationIndex(Main.java:86)
	at Main.getRouteCalculator(Main.java:42)
	at Main.main(Main.java:22)
Exception in thread "main" java.util.NoSuchElementException: No line found
	at java.base/java.util.Scanner.nextLine(Scanner.java:1651)
	at Main.takeStation(Main.java:71)
	at Main.main(Main.java:28)
